<?xml version="1.0" encoding="UTF-8"?>
<!-- Generated by org.testng.reporters.JUnitReportReporter -->
<testsuite hostname="DESKTOP-2T7UG8B" failures="2" tests="6" name="testrunner.testnggreencartwholescenario" time="33.353" errors="0" timestamp="2023-05-01T15:57:11 IST" skipped="0">
  <testcase classname="testrunner.testnggreencartwholescenario" name="runScenario" time="1.337"/>
  <system-out/>
  <testcase classname="testrunner.testnggreencartwholescenario" name="runScenario" time="0.869"/>
  <system-out/>
  <testcase classname="testrunner.testnggreencartwholescenario" name="runScenario" time="2.180"/>
  <system-out/>
  <testcase classname="testrunner.testnggreencartwholescenario" name="runScenario" time="3.968"/>
  <system-out/>
  <testcase classname="testrunner.testnggreencartwholescenario" name="runScenario" time="23.519">
    <failure message="expected [true] but found [false]" type="java.lang.AssertionError">
      <![CDATA[java.lang.AssertionError: expected [true] but found [false]
at org.testng.Assert.fail(Assert.java:110)
at org.testng.Assert.failNotEquals(Assert.java:1577)
at org.testng.Assert.assertTrue(Assert.java:56)
at org.testng.Assert.assertTrue(Assert.java:66)
at stepdefinitions.Greencartwholescenario.items_present_in_greencart_page_should_be_increased(Greencartwholescenario.java:73)
at ✽.items present in greencart page should be increased(file:///D:/mywork/cucumber_rahul_greencart/src/test/resources/features/greencartwholescenario.feature:11)
]]>
    </failure>
  </testcase> <!-- runScenario -->
  <system-out/>
  <testcase classname="testrunner.testnggreencartwholescenario" name="runScenario" time="1.480">
    <failure message="expected [true] but found [false]" type="java.lang.AssertionError">
      <![CDATA[java.lang.AssertionError: expected [true] but found [false]
at org.testng.Assert.fail(Assert.java:110)
at org.testng.Assert.failNotEquals(Assert.java:1577)
at org.testng.Assert.assertTrue(Assert.java:56)
at org.testng.Assert.assertTrue(Assert.java:66)
at stepdefinitions.Greencartwholescenario.select_country_text_is_found(Greencartwholescenario.java:146)
at ✽.choose country text is found(file:///D:/mywork/cucumber_rahul_greencart/src/test/resources/features/greencartwholescenario.feature:36)
]]>
    </failure>
  </testcase> <!-- runScenario -->
  <system-out/>
</testsuite> <!-- testrunner.testnggreencartwholescenario -->
