<?xml version="1.0" encoding="UTF-8"?>
<!-- Generated by org.testng.reporters.JUnitReportReporter -->
<testsuite hostname="DESKTOP-2T7UG8B" failures="0" tests="3" name="testrunner.testnggreencartwholescenario" time="29.356" errors="0" timestamp="2023-04-30T10:24:28 IST" skipped="0">
  <testcase classname="testrunner.testnggreencartwholescenario" name="runScenario" time="27.131"/>
  <system-out/>
  <testcase classname="testrunner.testnggreencartwholescenario" name="runScenario" time="0.986"/>
  <system-out/>
  <testcase classname="testrunner.testnggreencartwholescenario" name="runScenario" time="1.239"/>
  <system-out/>
</testsuite> <!-- testrunner.testnggreencartwholescenario -->
