<?xml version="1.0" encoding="UTF-8"?>
<!-- Generated by org.testng.reporters.JUnitReportReporter -->
<testsuite hostname="DESKTOP-2T7UG8B" failures="0" tests="1" name="testrunner.Multipleitemtestng" time="30.885" errors="0" timestamp="2023-04-30T14:10:49 IST" skipped="0">
  <testcase classname="testrunner.Multipleitemtestng" name="runScenario" time="30.885"/>
  <system-out/>
</testsuite> <!-- testrunner.Multipleitemtestng -->
