<?xml version="1.0" encoding="UTF-8"?>
<!-- Generated by org.testng.reporters.JUnitReportReporter -->
<testsuite hostname="DESKTOP-2T7UG8B" failures="0" tests="1" name="testrunner.Failedtestrunner" time="21.072" errors="0" timestamp="2023-05-02T11:25:46 IST" skipped="0">
  <testcase classname="testrunner.Failedtestrunner" name="runScenario" time="21.072"/>
  <system-out/>
</testsuite> <!-- testrunner.Failedtestrunner -->
