<?xml version="1.0" encoding="UTF-8"?>
<!-- Generated by org.testng.reporters.JUnitReportReporter -->
<testsuite hostname="DESKTOP-2T7UG8B" failures="0" tests="1" name="testrunner.Testngtestrunner" time="25.060" errors="0" timestamp="2023-04-25T22:57:25 IST" skipped="0">
  <testcase classname="testrunner.Testngtestrunner" name="runScenario" time="25.060"/>
  <system-out/>
</testsuite> <!-- testrunner.Testngtestrunner -->
